[INFO  - 2017-12-07T05:55:43.801Z] GhostDriver - Main - running on port 19073
[INFO  - 2017-12-07T05:55:44.497Z] Session [43b55bb0-db13-11e7-a4fd-996486310deb] - page.settings - {"XSSAuditingEnabled":false,"javascriptCanCloseWindows":true,"javascriptCanOpenWindows":true,"javascriptEnabled":true,"loadImages":true,"localToRemoteUrlAccessEnabled":false,"userAgent":"Mozilla/5.0 (Windows NT 6.2; WOW64) AppleWebKit/538.1 (KHTML, like Gecko) PhantomJS/2.1.1 Safari/538.1","webSecurityEnabled":true}
[INFO  - 2017-12-07T05:55:44.497Z] Session [43b55bb0-db13-11e7-a4fd-996486310deb] - page.customHeaders:  - {}
[INFO  - 2017-12-07T05:55:44.497Z] Session [43b55bb0-db13-11e7-a4fd-996486310deb] - Session.negotiatedCapabilities - {"browserName":"phantomjs","version":"2.1.1","driverName":"ghostdriver","driverVersion":"1.2.0","platform":"windows-8.1-32bit","javascriptEnabled":true,"takesScreenshot":true,"handlesAlerts":false,"databaseEnabled":false,"locationContextEnabled":false,"applicationCacheEnabled":false,"browserConnectionEnabled":false,"cssSelectorsEnabled":true,"webStorageEnabled":false,"rotatable":false,"acceptSslCerts":false,"nativeEvents":true,"proxy":{"proxyType":"direct"}}
[INFO  - 2017-12-07T05:55:44.498Z] SessionManagerReqHand - _postNewSessionCommand - New Session Created: 43b55bb0-db13-11e7-a4fd-996486310deb
[INFO  - 2017-12-07T06:00:44.208Z] SessionManagerReqHand - _cleanupWindowlessSessions - Asynchronous Sessions clean-up phase starting NOW
[INFO  - 2017-12-07T06:00:44.209Z] SessionManagerReqHand - _cleanupWindowlessSessions - Deleted Session '43b55bb0-db13-11e7-a4fd-996486310deb', because windowless
mages":true,"localToRemoteUrlAccessEnabled":false,"userAgent":"Mozilla/5.0 (Windows NT 6.2; WOW64) AppleWebKit/538.1 (KHTML, like Gecko) PhantomJS/2.1.1 Safari/538.1","webSecurityEnabled":true}
[INFO  - 2017-12-07T05:56:02.768Z] Session [4e988750-db13-11e7-a07a-f125586c0adf] - page.customHeaders:  - {}
[INFO  - 2017-12-07T05:56:02.768Z] Session [4e988750-db13-11e7-a07a-f125586c0adf] - Session.negotiatedCapabilities - {"browserName":"phantomjs","version":"2.1.1","driverName":"ghostdriver","driverVersion":"1.2.0","platform":"windows-8.1-32bit","javascriptEnabled":true,"takesScreenshot":true,"handlesAlerts":false,"databaseEnabled":false,"locationContextEnabled":false,"applicationCacheEnabled":false,"browserConnectionEnabled":false,"cssSelectorsEnabled":true,"webStorageEnabled":false,"rotatable":false,"acceptSslCerts":false,"nativeEvents":true,"proxy":{"proxyType":"direct"}}
[INFO  - 2017-12-07T05:56:02.768Z] SessionManagerReqHand - _postNewSessionCommand - New Session Created: 4e988750-db13-11e7-a07a-f125586c0adf
[[INFO  - 2017-12-07T06:01:02.972Z] SessionManagerReqHand - _cleanupWindowlessSessions - Asynchronous Sessions clean-up phase starting NOW
[INFO  - 2017-12-07T06:01:02.973Z] SessionManagerReqHand - _cleanupWindowlessSessions - Deleted Session '4e97c400-db13-11e7-8274-3f6f96e6aac6', because windowless
mages":true,"localToRemoteUrlAccessEnabled":false,"userAgent":"Mozilla/5.0 (Windows NT 6.2; WOW64) AppleWebKit/538.1 (KHTML, like Gecko) PhantomJS/2.1.1 Safari/538.1","webSecurityEnabled":true}
[INFO  - 2017-12-07T05:56:16.913Z] Session [57070970-db13-11e7-b5aa-912ad55b84be] - page.customHeaders:  - {}
[INFO  - 2017-12-07T05:56:16.914Z] Session [57070970-db13-11e7-b5aa-912ad55b84be] - Session.negotiatedCapabilities - {"browserName":"phantomjs","version":"2.1.1","driverName":"ghostdriver","driverVersion":"1.2.0","platform":"windows-8.1-32bit","javascriptEnabled":true,"takesScreenshot":true,"handlesAlerts":false,"databaseEnabled":false,"locationContextEnabled":false,"applicationCacheEnabled":false,"browserConnectionEnabled":false,"cssSelectorsEnabled":true,"webStorageEnabled":false,"rotatable":false,"acceptSslCerts":false,"nativeEvents":true,"proxy":{"proxyType":"direct"}}
[INFO  - 2017-12-07T05:56:16.914Z] SessionManagerReqHand - _postNewSessionCommand - New Session Created: 57070970-db13-11e7-b5aa-912ad55b84be
[INFO  - 2017-12-07T06:01:16.615Z] SessionManagerReqHand - _cleanupWindowlessSessions - Asynchronous Sessions clean-up phase starting NOW
[INFO  - 2017-12-07T06:01:16.616Z] SessionManagerReqHand - _cleanupWindowlessSessions - Deleted Session '57070970-db13-11e7-b5aa-912ad55b84be', because windowless

Images":true,"localToRemoteUrlAccessEnabled":false,"userAgent":"Mozilla/5.0 (Windows NT 6.2; WOW64) AppleWebKit/538.1 (KHTML, like Gecko) PhantomJS/2.1.1 Safari/538.1","webSecurityEnabled":true}
[INFO  - 2017-12-07T05:56:30.030Z] Session [5ed92480-db13-11e7-9c26-f54fc9a4b1a3] - page.customHeaders:  - {}
[INFO  - 2017-12-07T05:56:30.030Z] Session [5ed92480-db13-11e7-9c26-f54fc9a4b1a3] - Session.negotiatedCapabilities - {"browserName":"phantomjs","version":"2.1.1","driverName":"ghostdriver","driverVersion":"1.2.0","platform":"windows-8.1-32bit","javascriptEnabled":true,"takesScreenshot":true,"handlesAlerts":false,"databaseEnabled":false,"locationContextEnabled":false,"applicationCacheEnabled":false,"browserConnectionEnabled":false,"cssSelectorsEnabled":true,"webStorageEnabled":false,"rotatable":false,"acceptSslCerts":false,"nativeEvents":true,"proxy":{"proxyType":"direct"}}
[INFO  - 2017-12-07T05:56:30.030Z] SessionManagerReqHand - _postNewSessionCommand - New Session Created: 5ed92480-db13-11e7-9c26-f54fc9a4b1a3
[INFO  - 2017-12-07T06:01:29.561Z] SessionManagerReqHand - _cleanupWindowlessSessions - Asynchronous Sessions clean-up phase starting NOW
[INFO  - 2017-12-07T06:01:29.562Z] SessionManagerReqHand - _cleanupWindowlessSessions - Deleted Session '5ed92480-db13-11e7-9c26-f54fc9a4b1a3', because windowless
Images":true,"localToRemoteUrlAccessEnabled":false,"userAgent":"Mozilla/5.0 (Windows NT 6.2; WOW64) AppleWebKit/538.1 (KHTML, like Gecko) PhantomJS/2.1.1 Safari/538.1","webSecurityEnabled":true}
[INFO  - 2017-12-07T05:58:25.373Z] Session [a398c850-db13-11e7-8b18-d3f506061fc9] - page.customHeaders:  - {}
[INFO  - 2017-12-07T05:58:25.373Z] Session [a398c850-db13-11e7-8b18-d3f506061fc9] - Session.negotiatedCapabilities - {"browserName":"phantomjs","version":"2.1.1","driverName":"ghostdriver","driverVersion":"1.2.0","platform":"windows-8.1-32bit","javascriptEnabled":true,"takesScreenshot":true,"handlesAlerts":false,"databaseEnabled":false,"locationContextEnabled":false,"applicationCacheEnabled":false,"browserConnectionEnabled":false,"cssSelectorsEnabled":true,"webStorageEnabled":false,"rotatable":false,"acceptSslCerts":false,"nativeEvents":true,"proxy":{"proxyType":"direct"}}
[INFO  - 2017-12-07T05:58:25.373Z] SessionManagerReqHand - _postNewSessionCommand - New Session Created: a398c850-db13-11e7-8b18-d3f506061fc9
[INFO  - 2017-12-07T06:03:25.161Z] SessionManagerReqHand - _cleanupWindowlessSessions - Asynchronous Sessions clean-up phase starting NOW
[INFO  - 2017-12-07T06:03:25.161Z] SessionManagerReqHand - _cleanupWindowlessSessions - Deleted Session 'a398c850-db13-11e7-8b18-d3f506061fc9', because windowless
Images":true,"localToRemoteUrlAccessEnabled":false,"userAgent":"Mozilla/5.0 (Windows NT 6.2; WOW64) AppleWebKit/538.1 (KHTML, like Gecko) PhantomJS/2.1.1 Safari/538.1","webSecurityEnabled":true}
[INFO  - 2017-12-07T05:58:43.069Z] Session [ae254870-db13-11e7-b15f-495e97c11b5c] - page.customHeaders:  - {}
[INFO  - 2017-12-07T05:58:43.069Z] Session [ae254870-db13-11e7-b15f-495e97c11b5c] - Session.negotiatedCapabilities - {"browserName":"phantomjs","version":"2.1.1","driverName":"ghostdriver","driverVersion":"1.2.0","platform":"windows-8.1-32bit","javascriptEnabled":true,"takesScreenshot":true,"handlesAlerts":false,"databaseEnabled":false,"locationContextEnabled":false,"applicationCacheEnabled":false,"browserConnectionEnabled":false,"cssSelectorsEnabled":true,"webStorageEnabled":false,"rotatable":false,"acceptSslCerts":false,"nativeEvents":true,"proxy":{"proxyType":"direct"}}
[INFO  - 2017-12-07T05:58:43.070Z] SessionManagerReqHand - _postNewSessionCommand - New Session Created: ae254870-db13-11e7-b15f-495e97c11b5c
[INFO  - 2017-12-07T06:03:42.930Z] SessionManagerReqHand - _cleanupWindowlessSessions - Asynchronous Sessions clean-up phase starting NOW
[INFO  - 2017-12-07T06:03:42.931Z] SessionManagerReqHand - _cleanupWindowlessSessions - Deleted Session 'ae254870-db13-11e7-b15f-495e97c11b5c', because windowless
seWindows":true,"javascriptCanOpenWindows":true,"javascriptEnabled":true,"loadImages":true,"localToRemoteUrlAccessEnabled":false,"userAgent":"Mozilla/5.0 (Windows NT 6.2; WOW64) AppleWebKit/538.1[INFO  - 2017-12-07T05:58:57.997Z] Session [b70acf50-db13-11e7-b74c-176a22f71c[INFO  - 2017-12-07T05:58:57.997[INFO  - 2017-12-07T05:58:57.997Z] Session [b70acf50-db13-11e7-b74c-176a22f71c[INFO  - 2017-12-07T05:58:57.998Z] Session [b70aa840-db13-11e7-93ad-91b4058f6aa5] - Session.negotiatedCapabilities - {"browserName":"phantomjs","version":"2.1.1","driverName":"ghostdriver","driverVersion":"1.2.0","platform":"windows-8.1-32bit","javascriptEnabled":true,"takesScreenshot":true,"handlesAlerts":false,"databaseEnabled":false,"locationContextEnabled":false,"applicationCacheEnabled":false,"browserConnectionEnabled":false,"cssSelectorsEnabled":true,"webStorageEnabled":false,"rotatable":fal[INFO  - 2017-12-07T05:58:57.997Z] SessionManagerReqHand - _postNewSessionComm[INFO  - 2017-12-07T05:58:57.998Z] SessionManagerReqHand - _post[INFO  - 2017-12-07T06:03:57.393Z] SessionManagerReqHand - _cleanupWindowlessS[INFO  - 2017-12-07T06:03:57.459Z] SessionManagerReqHand - _cleanupWindowlessSessions - Asynchronous Sessions clean-up phase starting NOW
[INFO  - 2017-12-07T06:03:57.461Z] SessionManagerReqHand - _cleanupWindowlessSessions - Deleted Session 'b70aa840-db13-11e7-93ad-91b4058f6aa5', because windowless
Images":true,"localToRemoteUrlAccessEnabled":false,"userAgent":"Mozilla/5.0 (Windows NT 6.2; WOW64) AppleWebKit/538.1 (KHTML, like Gecko) PhantomJS/2.1.1 Safari/538.1","webSecurityEnabled":true}
[INFO  - 2017-12-07T05:59:12.201Z] Session [bf820400-db13-11e7-ad3e-bb6237e657e7] - page.customHeaders:  - {}
[INFO  - 2017-12-07T05:59:12.201Z] Session [bf820400-db13-11e7-ad3e-bb6237e657e7] - Session.negotiatedCapabilities - {"browserName":"phantomjs","version":"2.1.1","driverName":"ghostdriver","driverVersion":"1.2.0","platform":"windows-8.1-32bit","javascriptEnabled":true,"takesScreenshot":true,"handlesAlerts":false,"databaseEnabled":false,"locationContextEnabled":false,"applicationCacheEnabled":false,"browserConnectionEnabled":false,"cssSelectorsEnabled":true,"webStorageEnabled":false,"rotatable":false,"acceptSslCerts":false,"nativeEvents":true,"proxy":{"proxyType":"direct"}}
[INFO  - 2017-12-07T05:59:12.201Z] SessionManagerReqHand - _postNewSessionCommand - New Session Created: bf820400-db13-11e7-ad3e-bb6237e657e7
[INFO  - 2017-12-07T06:04:12.000Z] SessionManagerReqHand - _cleanupWindowlessSessions - Asynchronous Sessions clean-up phase starting NOW
[INFO  - 2017-12-07T06:04:12.001Z] SessionManagerReqHand - _cleanupWindowlessSessions - Deleted Session 'bf820400-db13-11e7-ad3e-bb6237e657e7', because windowless
[INFO  - 2017-12-07T06:05:41.741Z] GhostDriver - Main - running on port 7142
[INFO  - 2017-12-07T06:05:42.012Z] Session [a7db1070-db14-11e7-85db-cbcc0c6cb0f3] - page.settings - {"XSSAuditingEnabled":false,"javascriptCanCloseWindows":true,"javascriptCanOpenWindows":true,"javascriptEnabled":true,"loadImages":true,"localToRemoteUrlAccessEnabled":false,"userAgent":"Mozilla/5.0 (Windows NT 6.2; WOW64) AppleWebKit/538.1 (KHTML, like Gecko) PhantomJS/2.1.1 Safari/538.1","webSecurityEnabled":true}
[INFO  - 2017-12-07T06:05:42.012Z] Session [a7db1070-db14-11e7-85db-cbcc0c6cb0f3] - page.customHeaders:  - {}
[INFO  - 2017-12-07T06:05:42.012Z] Session [a7db1070-db14-11e7-85db-cbcc0c6cb0f3] - Session.negotiatedCapabilities - {"browserName":"phantomjs","version":"2.1.1","driverName":"ghostdriver","driverVersion":"1.2.0","platform":"windows-8.1-32bit","javascriptEnabled":true,"takesScreenshot":true,"handlesAlerts":false,"databaseEnabled":false,"locationContextEnabled":false,"applicationCacheEnabled":false,"browserConnectionEnabled":false,"cssSelectorsEnabled":true,"webStorageEnabled":false,"rotatable":false,"acceptSslCerts":false,"nativeEvents":true,"proxy":{"proxyType":"direct"}}
[INFO  - 2017-12-07T06:05:42.012Z] SessionManagerReqHand - _postNewSessionCommand - New Session Created: a7db1070-db14-11e7-85db-cbcc0c6cb0f3
[INFO  - 2017-12-07T06:10:41.738Z] SessionManagerReqHand - _cleanupWindowlessSessions - Asynchronous Sessions clean-up phase starting NOW
[INFO  - 2017-12-07T06:10:41.739Z] SessionManagerReqHand - _cleanupWindowlessSessions - Deleted Session 'a7db1070-db14-11e7-85db-cbcc0c6cb0f3', because windowless
Images":true,"localToRemoteUrlAccessEnabled":false,"userAgent":"Mozilla/5.0 (Windows NT 6.2; WOW64) AppleWebKit/538.1 (KHTML, like Gecko) PhantomJS/2.1.1 Safari/538.1","webSecurityEnabled":true}
[INFO  - 2017-12-07T06:05:58.776Z] Session [b1d78590-db14-11e7-ba62-9b34047cefa9] - page.customHeaders:  - {}
[INFO  - 2017-12-07T06:05:58.776Z] Session [b1d78590-db14-11e7-ba62-9b34047cefa9] - Session.negotiatedCapabilities - {"browserName":"phantomjs","version":"2.1.1","driverName":"ghostdriver","driverVersion":"1.2.0","platform":"windows-8.1-32bit","javascriptEnabled":true,"takesScreenshot":true,"handlesAlerts":false,"databaseEnabled":false,"locationContextEnabled":false,"applicationCacheEnabled":false,"browserConnectionEnabled":false,"cssSelectorsEnabled":true,"webStorageEnabled":false,"rotatable":false,"acceptSslCerts":false,"nativeEvents":true,"proxy":{"proxyType":"direct"}}
[INFO  - 2017-12-07T06:05:58.777Z] SessionManagerReqHand - _postNewSessionCommand - New Session Created: b1d78590-db14-11e7-ba62-9b34047cefa9
[INFO  - 2017-12-07T06:10:58.602Z] SessionManagerReqHand - _cleanupWindowlessSessions - Asynchronous Sessions clean-up phase starting NOW
[INFO  - 2017-12-07T06:10:58.602Z] SessionManagerReqHand - _cleanupWindowlessSessions - Deleted Session 'b1d71060-db14-11e7-a41d-576d9008ddb3', because windowless
Images":true,"localToRemoteUrlAccessEnabled":false,"userAgent":"Mozilla/5.0 (Windows NT 6.2; WOW64) AppleWebKit/538.1 (KHTML, like Gecko) PhantomJS/2.1.1 Safari/538.1","webSecurityEnabled":true}
[INFO  - 2017-12-07T06:06:18.450Z] Session [bd929aa0-db14-11e7-9589-51173bbf7c68] - page.customHeaders:  - {}
[INFO  - 2017-12-07T06:06:18.450Z] Session [bd929aa0-db14-11e7-9589-51173bbf7c68] - Session.negotiatedCapabilities - {"browserName":"phantomjs","version":"2.1.1","driverName":"ghostdriver","driverVersion":"1.2.0","platform":"windows-8.1-32bit","javascriptEnabled":true,"takesScreenshot":true,"handlesAlerts":false,"databaseEnabled":false,"locationContextEnabled":false,"applicationCacheEnabled":false,"browserConnectionEnabled":false,"cssSelectorsEnabled":true,"webStorageEnabled":false,"rotatable":false,"acceptSslCerts":false,"nativeEvents":true,"proxy":{"proxyType":"direct"}}
[INFO  - 2017-12-07T06:06:18.451Z] SessionManagerReqHand - _postNewSessionCommand - New Session Created: bd929aa0-db14-11e7-9589-51173bbf7c68
[INFO  - 2017-12-07T06:11:18.405Z] SessionManagerReqHand - _cleanupWindowlessSessions - Asynchronous Sessions clean-up phase starting NOW
[INFO  - 2017-12-07T06:11:18.405Z] SessionManagerReqHand - _cleanupWindowlessSessions - Deleted Session 'bd8f6650-db14-11e7-bc3e-05974fdd1a38', because windowless
Images":true,"localToRemoteUrlAccessEnabled":false,"userAgent":"Mozilla/5.0 (Windows NT 6.2; WOW64) AppleWebKit/538.1 (KHTML, like Gecko) PhantomJS/2.1.1 Safari/538.1","webSecurityEnabled":true}
[INFO  - 2017-12-07T06:06:45.398Z] Session [cda28ae0-db14-11e7-b6c3-0914882a97d9] - page.customHeaders:  - {}
[INFO  - 2017-12-07T06:06:45.398Z] Session [cda28ae0-db14-11e7-b6c3-0914882a97d9] - Session.negotiatedCapabilities - {"browserName":"phantomjs","version":"2.1.1","driverName":"ghostdriver","driverVersion":"1.2.0","platform":"windows-8.1-32bit","javascriptEnabled":true,"takesScreenshot":true,"handlesAlerts":false,"databaseEnabled":false,"locationContextEnabled":false,"applicationCacheEnabled":false,"browserConnectionEnabled":false,"cssSelectorsEnabled":true,"webStorageEnabled":false,"rotatable":false,"acceptSslCerts":false,"nativeEvents":true,"proxy":{"proxyType":"direct"}}
[INFO  - 2017-12-07T06:06:45.398Z] SessionManagerReqHand - _postNewSessionCommand - New Session Created: cda28ae0-db14-11e7-b6c3-0914882a97d9
[INFO  - 2017-12-07T06:11:45.704Z] SessionManagerReqHand - _cleanupWindowlessSessions - Asynchronous Sessions clean-up phase starting NOW
[INFO  - 2017-12-07T06:11:45.706Z] SessionManagerReqHand - _cleanupWindowlessSessions - Deleted Session 'cda28ae0-db14-11e7-b6c3-0914882a97d9', because windowless
